<?xml version="1.0" encoding="UTF-8"?>
<!-- Generated by org.testng.reporters.JUnitXMLReporter -->
<testsuite ignored="0" hostname="LAPTOP-SJK6EH97" failures="1" tests="1" name="FireFoxTest" time="7.584" errors="0" timestamp="2024-02-18T14:24:10 EST">
  <testcase classname="crossbrowser.CrossBrowserTest" name="scotiabanklogin" time="2.307">
    <failure type="java.lang.AssertionError" message="expected [true] but found [false]">
      <![CDATA[java.lang.AssertionError: expected [true] but found [false]
at crossbrowser.CrossBrowserTest.scotiabanklogin(CrossBrowserTest.java:61)
at java.base/java.util.ArrayList.forEach(ArrayList.java:1511)
... Removed 31 stack frames]]>
    </failure>
  </testcase> <!-- scotiabanklogin -->
</testsuite> <!-- FireFoxTest -->
